Obtaining file:///C:/Users/Admin/github/Flint
  Installing build dependencies: started
  Installing build dependencies: finished with status 'done'
  Checking if build backend supports build_editable: started
  Checking if build backend supports build_editable: finished with status 'done'
  Getting requirements to build editable: started
  Getting requirements to build editable: finished with status 'done'
  Installing backend dependencies: started
  Installing backend dependencies: finished with status 'done'
  Preparing editable metadata (pyproject.toml): started
  Preparing editable metadata (pyproject.toml): finished with status 'error'
  error: subprocess-exited-with-error
  
  Preparing editable metadata (pyproject.toml) did not run successfully.
  exit code: 1
  
  [25 lines of output]
  Traceback (most recent call last):
    File "C:\Users\Admin\AppData\Local\Programs\Python\Python310\lib\site-packages\pip\_vendor\pyproject_hooks\_in_process\_in_process.py", line 167, in prepare_metadata_for_build_editable
      hook = backend.prepare_metadata_for_build_editable
  AttributeError: module 'hatchling.build' has no attribute 'prepare_metadata_for_build_editable'
  
  During handling of the above exception, another exception occurred:
  
  Traceback (most recent call last):
    File "C:\Users\Admin\AppData\Local\Programs\Python\Python310\lib\site-packages\pip\_vendor\pyproject_hooks\_in_process\_in_process.py", line 353, in <module>
      main()
    File "C:\Users\Admin\AppData\Local\Programs\Python\Python310\lib\site-packages\pip\_vendor\pyproject_hooks\_in_process\_in_process.py", line 335, in main
      json_out['return_val'] = hook(**hook_input['kwargs'])
    File "C:\Users\Admin\AppData\Local\Programs\Python\Python310\lib\site-packages\pip\_vendor\pyproject_hooks\_in_process\_in_process.py", line 176, in prepare_metadata_for_build_editable
      whl_basename = build_hook(metadata_directory, config_settings)
    File "C:\Users\Admin\AppData\Local\Temp\pip-build-env-3sriea87\overlay\Lib\site-packages\hatchling\build.py", line 83, in build_editable
      return os.path.basename(next(builder.build(directory=wheel_directory, versions=["editable"])))
    File "C:\Users\Admin\AppData\Local\Temp\pip-build-env-3sriea87\overlay\Lib\site-packages\hatchling\builders\plugin\interface.py", line 92, in build
      self.metadata.validate_fields()
    File "C:\Users\Admin\AppData\Local\Temp\pip-build-env-3sriea87\overlay\Lib\site-packages\hatchling\metadata\core.py", line 266, in validate_fields
      self.core.validate_fields()
    File "C:\Users\Admin\AppData\Local\Temp\pip-build-env-3sriea87\overlay\Lib\site-packages\hatchling\metadata\core.py", line 1366, in validate_fields
      getattr(self, attribute)
    File "C:\Users\Admin\AppData\Local\Temp\pip-build-env-3sriea87\overlay\Lib\site-packages\hatchling\metadata\core.py", line 531, in readme
      raise OSError(message)
  OSError: Readme file does not exist: README.md
  [end of output]
  
  note: This error originates from a subprocess, and is likely not a problem with pip.
error: metadata-generation-failed

Encountered error while generating package metadata.

See above for output.

note: This is an issue with the package mentioned above, not pip.
hint: See above for details.

[notice] A new release of pip is available: 23.0.1 -> 26.0.1
[notice] To update, run: python.exe -m pip install --upgrade pip
